<?xml version="1.0" encoding="UTF-8"?>
<!-- Generated by org.testng.reporters.JUnitReportReporter -->
<testsuite skipped="0" hostname="Kaminis-MAC.urbanladder.com" name="com.urban.serviceability.ValidateApi" tests="1" failures="0" timestamp="06 May 2019 05:45:01 GMT" time="5.481" errors="0">
  <testcase name="warranty" time="5.481" classname="com.urban.serviceability.ValidateApi"/>
</testsuite> <!-- com.urban.serviceability.ValidateApi -->
